<?xml version="1.0" encoding="UTF-8"?>
<testsuite name="com.ec2.springboot.web.PostsApiControllerTest" tests="2" skipped="0" failures="0" errors="0" timestamp="2022-11-13T09:12:38" hostname="DESKTOP-CIJC9VE" time="0.691">
  <properties/>
  <testcase name="Posts_등록된다" classname="com.ec2.springboot.web.PostsApiControllerTest" time="0.433"/>
  <testcase name="Posts_수정된다" classname="com.ec2.springboot.web.PostsApiControllerTest" time="0.257"/>
  <system-out><![CDATA[?[2m2022-11-13 18:12:38.059?[0;39m ?[32m INFO?[0;39m ?[35m6832?[0;39m ?[2m---?[0;39m ?[2m[    Test worker]?[0;39m ?[36m.b.t.c.SpringBootTestContextBootstrapper?[0;39m ?[2m:?[0;39m Neither @ContextConfiguration nor @ContextHierarchy found for test class [com.ec2.springboot.web.PostsApiControllerTest], using SpringBootContextLoader
?[2m2022-11-13 18:12:38.061?[0;39m ?[32m INFO?[0;39m ?[35m6832?[0;39m ?[2m---?[0;39m ?[2m[    Test worker]?[0;39m ?[36mo.s.t.c.support.AbstractContextLoader   ?[0;39m ?[2m:?[0;39m Could not detect default resource locations for test class [com.ec2.springboot.web.PostsApiControllerTest]: no resource found for suffixes {-context.xml, Context.groovy}.
?[2m2022-11-13 18:12:38.061?[0;39m ?[32m INFO?[0;39m ?[35m6832?[0;39m ?[2m---?[0;39m ?[2m[    Test worker]?[0;39m ?[36mt.c.s.AnnotationConfigContextLoaderUtils?[0;39m ?[2m:?[0;39m Could not detect default configuration classes for test class [com.ec2.springboot.web.PostsApiControllerTest]: PostsApiControllerTest does not declare any static, non-private, non-final, nested classes annotated with @Configuration.
?[2m2022-11-13 18:12:38.065?[0;39m ?[32m INFO?[0;39m ?[35m6832?[0;39m ?[2m---?[0;39m ?[2m[    Test worker]?[0;39m ?[36m.b.t.c.SpringBootTestContextBootstrapper?[0;39m ?[2m:?[0;39m Found @SpringBootConfiguration com.ec2.springboot.Application for test class com.ec2.springboot.web.PostsApiControllerTest
?[2m2022-11-13 18:12:38.073?[0;39m ?[32m INFO?[0;39m ?[35m6832?[0;39m ?[2m---?[0;39m ?[2m[    Test worker]?[0;39m ?[36m.b.t.c.SpringBootTestContextBootstrapper?[0;39m ?[2m:?[0;39m Loaded default TestExecutionListener class names from location [META-INF/spring.factories]: [org.springframework.security.test.context.support.WithSecurityContextTestExecutionListener, org.springframework.security.test.context.support.ReactorContextTestExecutionListener, org.springframework.boot.test.autoconfigure.restdocs.RestDocsTestExecutionListener, org.springframework.boot.test.autoconfigure.web.client.MockRestServiceServerResetTestExecutionListener, org.springframework.boot.test.autoconfigure.web.servlet.MockMvcPrintOnlyOnFailureTestExecutionListener, org.springframework.boot.test.autoconfigure.web.servlet.WebDriverTestExecutionListener, org.springframework.boot.test.mock.mockito.MockitoTestExecutionListener, org.springframework.boot.test.mock.mockito.ResetMocksTestExecutionListener, org.springframework.test.context.web.ServletTestExecutionListener, org.springframework.test.context.support.DirtiesContextBeforeModesTestExecutionListener, org.springframework.test.context.support.DependencyInjectionTestExecutionListener, org.springframework.test.context.support.DirtiesContextTestExecutionListener, org.springframework.test.context.transaction.TransactionalTestExecutionListener, org.springframework.test.context.jdbc.SqlScriptsTestExecutionListener]
?[2m2022-11-13 18:12:38.088?[0;39m ?[32m INFO?[0;39m ?[35m6832?[0;39m ?[2m---?[0;39m ?[2m[    Test worker]?[0;39m ?[36m.b.t.c.SpringBootTestContextBootstrapper?[0;39m ?[2m:?[0;39m Using TestExecutionListeners: [org.springframework.test.context.web.ServletTestExecutionListener@1f7844a1, org.springframework.test.context.support.DirtiesContextBeforeModesTestExecutionListener@750341a7, org.springframework.boot.test.mock.mockito.MockitoTestExecutionListener@39c52659, org.springframework.boot.test.autoconfigure.SpringBootDependencyInjectionTestExecutionListener@79b1ba2a, org.springframework.test.context.support.DirtiesContextTestExecutionListener@2431a4f1, org.springframework.test.context.transaction.TransactionalTestExecutionListener@4b50c7a9, org.springframework.test.context.jdbc.SqlScriptsTestExecutionListener@5bb7c774, org.springframework.security.test.context.support.WithSecurityContextTestExecutionListener@2f2356c2, org.springframework.security.test.context.support.ReactorContextTestExecutionListener@61c69fb, org.springframework.boot.test.autoconfigure.restdocs.RestDocsTestExecutionListener@4b3c8b1e, org.springframework.boot.test.autoconfigure.web.client.MockRestServiceServerResetTestExecutionListener@2ed5696a, org.springframework.boot.test.autoconfigure.web.servlet.MockMvcPrintOnlyOnFailureTestExecutionListener@1b75bf34, org.springframework.boot.test.autoconfigure.web.servlet.WebDriverTestExecutionListener@7ec35e10, org.springframework.boot.test.mock.mockito.ResetMocksTestExecutionListener@51085ead]
?[2m2022-11-13 18:12:38.161?[0;39m ?[32m INFO?[0;39m ?[35m6832?[0;39m ?[2m---?[0;39m ?[2m[    Test worker]?[0;39m ?[36mo.a.c.c.C.[Tomcat].[localhost].[/]      ?[0;39m ?[2m:?[0;39m Initializing Spring TestDispatcherServlet ''
?[2m2022-11-13 18:12:38.162?[0;39m ?[32m INFO?[0;39m ?[35m6832?[0;39m ?[2m---?[0;39m ?[2m[    Test worker]?[0;39m ?[36mo.s.t.web.servlet.TestDispatcherServlet ?[0;39m ?[2m:?[0;39m Initializing Servlet ''
?[2m2022-11-13 18:12:38.183?[0;39m ?[32m INFO?[0;39m ?[35m6832?[0;39m ?[2m---?[0;39m ?[2m[    Test worker]?[0;39m ?[36mo.s.t.web.servlet.TestDispatcherServlet ?[0;39m ?[2m:?[0;39m Completed initialization in 21 ms
Hibernate: 
    insert 
    into
        posts
        (created_date, modified_date, author, content, title) 
    values
        (?, ?, ?, ?, ?)
?[2m2022-11-13 18:12:38.368?[0;39m ?[32mTRACE?[0;39m ?[35m6832?[0;39m ?[2m---?[0;39m ?[2m[    Test worker]?[0;39m ?[36mo.h.type.descriptor.sql.BasicBinder     ?[0;39m ?[2m:?[0;39m binding parameter [1] as [TIMESTAMP] - [2022-11-13T18:12:38.365]
?[2m2022-11-13 18:12:38.368?[0;39m ?[32mTRACE?[0;39m ?[35m6832?[0;39m ?[2m---?[0;39m ?[2m[    Test worker]?[0;39m ?[36mo.h.type.descriptor.sql.BasicBinder     ?[0;39m ?[2m:?[0;39m binding parameter [2] as [TIMESTAMP] - [2022-11-13T18:12:38.365]
?[2m2022-11-13 18:12:38.369?[0;39m ?[32mTRACE?[0;39m ?[35m6832?[0;39m ?[2m---?[0;39m ?[2m[    Test worker]?[0;39m ?[36mo.h.type.descriptor.sql.BasicBinder     ?[0;39m ?[2m:?[0;39m binding parameter [3] as [VARCHAR] - [author]
?[2m2022-11-13 18:12:38.369?[0;39m ?[32mTRACE?[0;39m ?[35m6832?[0;39m ?[2m---?[0;39m ?[2m[    Test worker]?[0;39m ?[36mo.h.type.descriptor.sql.BasicBinder     ?[0;39m ?[2m:?[0;39m binding parameter [4] as [VARCHAR] - [content]
?[2m2022-11-13 18:12:38.369?[0;39m ?[32mTRACE?[0;39m ?[35m6832?[0;39m ?[2m---?[0;39m ?[2m[    Test worker]?[0;39m ?[36mo.h.type.descriptor.sql.BasicBinder     ?[0;39m ?[2m:?[0;39m binding parameter [5] as [VARCHAR] - [title]
Hibernate: 
    select
        posts0_.id as id1_0_,
        posts0_.created_date as created_2_0_,
        posts0_.modified_date as modified3_0_,
        posts0_.author as author4_0_,
        posts0_.content as content5_0_,
        posts0_.title as title6_0_ 
    from
        posts posts0_
?[2m2022-11-13 18:12:38.430?[0;39m ?[32mTRACE?[0;39m ?[35m6832?[0;39m ?[2m---?[0;39m ?[2m[    Test worker]?[0;39m ?[36mo.h.type.descriptor.sql.BasicExtractor  ?[0;39m ?[2m:?[0;39m extracted value ([id1_0_] : [BIGINT]) - [9]
?[2m2022-11-13 18:12:38.431?[0;39m ?[32mTRACE?[0;39m ?[35m6832?[0;39m ?[2m---?[0;39m ?[2m[    Test worker]?[0;39m ?[36mo.h.type.descriptor.sql.BasicExtractor  ?[0;39m ?[2m:?[0;39m extracted value ([created_2_0_] : [TIMESTAMP]) - [2022-11-13T18:12:38]
?[2m2022-11-13 18:12:38.432?[0;39m ?[32mTRACE?[0;39m ?[35m6832?[0;39m ?[2m---?[0;39m ?[2m[    Test worker]?[0;39m ?[36mo.h.type.descriptor.sql.BasicExtractor  ?[0;39m ?[2m:?[0;39m extracted value ([modified3_0_] : [TIMESTAMP]) - [2022-11-13T18:12:38]
?[2m2022-11-13 18:12:38.432?[0;39m ?[32mTRACE?[0;39m ?[35m6832?[0;39m ?[2m---?[0;39m ?[2m[    Test worker]?[0;39m ?[36mo.h.type.descriptor.sql.BasicExtractor  ?[0;39m ?[2m:?[0;39m extracted value ([author4_0_] : [VARCHAR]) - [author]
?[2m2022-11-13 18:12:38.432?[0;39m ?[32mTRACE?[0;39m ?[35m6832?[0;39m ?[2m---?[0;39m ?[2m[    Test worker]?[0;39m ?[36mo.h.type.descriptor.sql.BasicExtractor  ?[0;39m ?[2m:?[0;39m extracted value ([content5_0_] : [VARCHAR]) - [content]
?[2m2022-11-13 18:12:38.432?[0;39m ?[32mTRACE?[0;39m ?[35m6832?[0;39m ?[2m---?[0;39m ?[2m[    Test worker]?[0;39m ?[36mo.h.type.descriptor.sql.BasicExtractor  ?[0;39m ?[2m:?[0;39m extracted value ([title6_0_] : [VARCHAR]) - [title]
Hibernate: 
    select
        posts0_.id as id1_0_,
        posts0_.created_date as created_2_0_,
        posts0_.modified_date as modified3_0_,
        posts0_.author as author4_0_,
        posts0_.content as content5_0_,
        posts0_.title as title6_0_ 
    from
        posts posts0_
?[2m2022-11-13 18:12:38.498?[0;39m ?[32mTRACE?[0;39m ?[35m6832?[0;39m ?[2m---?[0;39m ?[2m[    Test worker]?[0;39m ?[36mo.h.type.descriptor.sql.BasicExtractor  ?[0;39m ?[2m:?[0;39m extracted value ([id1_0_] : [BIGINT]) - [9]
?[2m2022-11-13 18:12:38.500?[0;39m ?[32mTRACE?[0;39m ?[35m6832?[0;39m ?[2m---?[0;39m ?[2m[    Test worker]?[0;39m ?[36mo.h.type.descriptor.sql.BasicExtractor  ?[0;39m ?[2m:?[0;39m extracted value ([created_2_0_] : [TIMESTAMP]) - [2022-11-13T18:12:38]
?[2m2022-11-13 18:12:38.500?[0;39m ?[32mTRACE?[0;39m ?[35m6832?[0;39m ?[2m---?[0;39m ?[2m[    Test worker]?[0;39m ?[36mo.h.type.descriptor.sql.BasicExtractor  ?[0;39m ?[2m:?[0;39m extracted value ([modified3_0_] : [TIMESTAMP]) - [2022-11-13T18:12:38]
?[2m2022-11-13 18:12:38.500?[0;39m ?[32mTRACE?[0;39m ?[35m6832?[0;39m ?[2m---?[0;39m ?[2m[    Test worker]?[0;39m ?[36mo.h.type.descriptor.sql.BasicExtractor  ?[0;39m ?[2m:?[0;39m extracted value ([author4_0_] : [VARCHAR]) - [author]
?[2m2022-11-13 18:12:38.501?[0;39m ?[32mTRACE?[0;39m ?[35m6832?[0;39m ?[2m---?[0;39m ?[2m[    Test worker]?[0;39m ?[36mo.h.type.descriptor.sql.BasicExtractor  ?[0;39m ?[2m:?[0;39m extracted value ([content5_0_] : [VARCHAR]) - [content]
?[2m2022-11-13 18:12:38.501?[0;39m ?[32mTRACE?[0;39m ?[35m6832?[0;39m ?[2m---?[0;39m ?[2m[    Test worker]?[0;39m ?[36mo.h.type.descriptor.sql.BasicExtractor  ?[0;39m ?[2m:?[0;39m extracted value ([title6_0_] : [VARCHAR]) - [title]
Hibernate: 
    delete 
    from
        posts 
    where
        id=?
?[2m2022-11-13 18:12:38.503?[0;39m ?[32mTRACE?[0;39m ?[35m6832?[0;39m ?[2m---?[0;39m ?[2m[    Test worker]?[0;39m ?[36mo.h.type.descriptor.sql.BasicBinder     ?[0;39m ?[2m:?[0;39m binding parameter [1] as [BIGINT] - [9]
?[2m2022-11-13 18:12:38.562?[0;39m ?[32m INFO?[0;39m ?[35m6832?[0;39m ?[2m---?[0;39m ?[2m[    Test worker]?[0;39m ?[36mo.a.c.c.C.[Tomcat].[localhost].[/]      ?[0;39m ?[2m:?[0;39m Initializing Spring TestDispatcherServlet ''
?[2m2022-11-13 18:12:38.563?[0;39m ?[32m INFO?[0;39m ?[35m6832?[0;39m ?[2m---?[0;39m ?[2m[    Test worker]?[0;39m ?[36mo.s.t.web.servlet.TestDispatcherServlet ?[0;39m ?[2m:?[0;39m Initializing Servlet ''
?[2m2022-11-13 18:12:38.570?[0;39m ?[32m INFO?[0;39m ?[35m6832?[0;39m ?[2m---?[0;39m ?[2m[    Test worker]?[0;39m ?[36mo.s.t.web.servlet.TestDispatcherServlet ?[0;39m ?[2m:?[0;39m Completed initialization in 7 ms
Hibernate: 
    insert 
    into
        posts
        (created_date, modified_date, author, content, title) 
    values
        (?, ?, ?, ?, ?)
?[2m2022-11-13 18:12:38.588?[0;39m ?[32mTRACE?[0;39m ?[35m6832?[0;39m ?[2m---?[0;39m ?[2m[    Test worker]?[0;39m ?[36mo.h.type.descriptor.sql.BasicBinder     ?[0;39m ?[2m:?[0;39m binding parameter [1] as [TIMESTAMP] - [2022-11-13T18:12:38.586]
?[2m2022-11-13 18:12:38.588?[0;39m ?[32mTRACE?[0;39m ?[35m6832?[0;39m ?[2m---?[0;39m ?[2m[    Test worker]?[0;39m ?[36mo.h.type.descriptor.sql.BasicBinder     ?[0;39m ?[2m:?[0;39m binding parameter [2] as [TIMESTAMP] - [2022-11-13T18:12:38.586]
?[2m2022-11-13 18:12:38.588?[0;39m ?[32mTRACE?[0;39m ?[35m6832?[0;39m ?[2m---?[0;39m ?[2m[    Test worker]?[0;39m ?[36mo.h.type.descriptor.sql.BasicBinder     ?[0;39m ?[2m:?[0;39m binding parameter [3] as [VARCHAR] - [author]
?[2m2022-11-13 18:12:38.588?[0;39m ?[32mTRACE?[0;39m ?[35m6832?[0;39m ?[2m---?[0;39m ?[2m[    Test worker]?[0;39m ?[36mo.h.type.descriptor.sql.BasicBinder     ?[0;39m ?[2m:?[0;39m binding parameter [4] as [VARCHAR] - [content]
?[2m2022-11-13 18:12:38.588?[0;39m ?[32mTRACE?[0;39m ?[35m6832?[0;39m ?[2m---?[0;39m ?[2m[    Test worker]?[0;39m ?[36mo.h.type.descriptor.sql.BasicBinder     ?[0;39m ?[2m:?[0;39m binding parameter [5] as [VARCHAR] - [title]
Hibernate: 
    select
        posts0_.id as id1_0_0_,
        posts0_.created_date as created_2_0_0_,
        posts0_.modified_date as modified3_0_0_,
        posts0_.author as author4_0_0_,
        posts0_.content as content5_0_0_,
        posts0_.title as title6_0_0_ 
    from
        posts posts0_ 
    where
        posts0_.id=?
?[2m2022-11-13 18:12:38.659?[0;39m ?[32mTRACE?[0;39m ?[35m6832?[0;39m ?[2m---?[0;39m ?[2m[    Test worker]?[0;39m ?[36mo.h.type.descriptor.sql.BasicBinder     ?[0;39m ?[2m:?[0;39m binding parameter [1] as [BIGINT] - [10]
?[2m2022-11-13 18:12:38.679?[0;39m ?[32mTRACE?[0;39m ?[35m6832?[0;39m ?[2m---?[0;39m ?[2m[    Test worker]?[0;39m ?[36mo.h.type.descriptor.sql.BasicExtractor  ?[0;39m ?[2m:?[0;39m extracted value ([created_2_0_0_] : [TIMESTAMP]) - [2022-11-13T18:12:39]
?[2m2022-11-13 18:12:38.680?[0;39m ?[32mTRACE?[0;39m ?[35m6832?[0;39m ?[2m---?[0;39m ?[2m[    Test worker]?[0;39m ?[36mo.h.type.descriptor.sql.BasicExtractor  ?[0;39m ?[2m:?[0;39m extracted value ([modified3_0_0_] : [TIMESTAMP]) - [2022-11-13T18:12:39]
?[2m2022-11-13 18:12:38.680?[0;39m ?[32mTRACE?[0;39m ?[35m6832?[0;39m ?[2m---?[0;39m ?[2m[    Test worker]?[0;39m ?[36mo.h.type.descriptor.sql.BasicExtractor  ?[0;39m ?[2m:?[0;39m extracted value ([author4_0_0_] : [VARCHAR]) - [author]
?[2m2022-11-13 18:12:38.680?[0;39m ?[32mTRACE?[0;39m ?[35m6832?[0;39m ?[2m---?[0;39m ?[2m[    Test worker]?[0;39m ?[36mo.h.type.descriptor.sql.BasicExtractor  ?[0;39m ?[2m:?[0;39m extracted value ([content5_0_0_] : [VARCHAR]) - [content]
?[2m2022-11-13 18:12:38.680?[0;39m ?[32mTRACE?[0;39m ?[35m6832?[0;39m ?[2m---?[0;39m ?[2m[    Test worker]?[0;39m ?[36mo.h.type.descriptor.sql.BasicExtractor  ?[0;39m ?[2m:?[0;39m extracted value ([title6_0_0_] : [VARCHAR]) - [title]
Hibernate: 
    update
        posts 
    set
        created_date=?,
        modified_date=?,
        author=?,
        content=?,
        title=? 
    where
        id=?
?[2m2022-11-13 18:12:38.688?[0;39m ?[32mTRACE?[0;39m ?[35m6832?[0;39m ?[2m---?[0;39m ?[2m[    Test worker]?[0;39m ?[36mo.h.type.descriptor.sql.BasicBinder     ?[0;39m ?[2m:?[0;39m binding parameter [1] as [TIMESTAMP] - [2022-11-13T18:12:39]
?[2m2022-11-13 18:12:38.689?[0;39m ?[32mTRACE?[0;39m ?[35m6832?[0;39m ?[2m---?[0;39m ?[2m[    Test worker]?[0;39m ?[36mo.h.type.descriptor.sql.BasicBinder     ?[0;39m ?[2m:?[0;39m binding parameter [2] as [TIMESTAMP] - [2022-11-13T18:12:38.685]
?[2m2022-11-13 18:12:38.689?[0;39m ?[32mTRACE?[0;39m ?[35m6832?[0;39m ?[2m---?[0;39m ?[2m[    Test worker]?[0;39m ?[36mo.h.type.descriptor.sql.BasicBinder     ?[0;39m ?[2m:?[0;39m binding parameter [3] as [VARCHAR] - [author]
?[2m2022-11-13 18:12:38.689?[0;39m ?[32mTRACE?[0;39m ?[35m6832?[0;39m ?[2m---?[0;39m ?[2m[    Test worker]?[0;39m ?[36mo.h.type.descriptor.sql.BasicBinder     ?[0;39m ?[2m:?[0;39m binding parameter [4] as [VARCHAR] - [content2]
?[2m2022-11-13 18:12:38.690?[0;39m ?[32mTRACE?[0;39m ?[35m6832?[0;39m ?[2m---?[0;39m ?[2m[    Test worker]?[0;39m ?[36mo.h.type.descriptor.sql.BasicBinder     ?[0;39m ?[2m:?[0;39m binding parameter [5] as [VARCHAR] - [title2]
?[2m2022-11-13 18:12:38.690?[0;39m ?[32mTRACE?[0;39m ?[35m6832?[0;39m ?[2m---?[0;39m ?[2m[    Test worker]?[0;39m ?[36mo.h.type.descriptor.sql.BasicBinder     ?[0;39m ?[2m:?[0;39m binding parameter [6] as [BIGINT] - [10]
Hibernate: 
    select
        posts0_.id as id1_0_,
        posts0_.created_date as created_2_0_,
        posts0_.modified_date as modified3_0_,
        posts0_.author as author4_0_,
        posts0_.content as content5_0_,
        posts0_.title as title6_0_ 
    from
        posts posts0_
?[2m2022-11-13 18:12:38.746?[0;39m ?[32mTRACE?[0;39m ?[35m6832?[0;39m ?[2m---?[0;39m ?[2m[    Test worker]?[0;39m ?[36mo.h.type.descriptor.sql.BasicExtractor  ?[0;39m ?[2m:?[0;39m extracted value ([id1_0_] : [BIGINT]) - [10]
?[2m2022-11-13 18:12:38.746?[0;39m ?[32mTRACE?[0;39m ?[35m6832?[0;39m ?[2m---?[0;39m ?[2m[    Test worker]?[0;39m ?[36mo.h.type.descriptor.sql.BasicExtractor  ?[0;39m ?[2m:?[0;39m extracted value ([created_2_0_] : [TIMESTAMP]) - [2022-11-13T18:12:39]
?[2m2022-11-13 18:12:38.746?[0;39m ?[32mTRACE?[0;39m ?[35m6832?[0;39m ?[2m---?[0;39m ?[2m[    Test worker]?[0;39m ?[36mo.h.type.descriptor.sql.BasicExtractor  ?[0;39m ?[2m:?[0;39m extracted value ([modified3_0_] : [TIMESTAMP]) - [2022-11-13T18:12:39]
?[2m2022-11-13 18:12:38.746?[0;39m ?[32mTRACE?[0;39m ?[35m6832?[0;39m ?[2m---?[0;39m ?[2m[    Test worker]?[0;39m ?[36mo.h.type.descriptor.sql.BasicExtractor  ?[0;39m ?[2m:?[0;39m extracted value ([author4_0_] : [VARCHAR]) - [author]
?[2m2022-11-13 18:12:38.746?[0;39m ?[32mTRACE?[0;39m ?[35m6832?[0;39m ?[2m---?[0;39m ?[2m[    Test worker]?[0;39m ?[36mo.h.type.descriptor.sql.BasicExtractor  ?[0;39m ?[2m:?[0;39m extracted value ([content5_0_] : [VARCHAR]) - [content2]
?[2m2022-11-13 18:12:38.747?[0;39m ?[32mTRACE?[0;39m ?[35m6832?[0;39m ?[2m---?[0;39m ?[2m[    Test worker]?[0;39m ?[36mo.h.type.descriptor.sql.BasicExtractor  ?[0;39m ?[2m:?[0;39m extracted value ([title6_0_] : [VARCHAR]) - [title2]
Hibernate: 
    select
        posts0_.id as id1_0_,
        posts0_.created_date as created_2_0_,
        posts0_.modified_date as modified3_0_,
        posts0_.author as author4_0_,
        posts0_.content as content5_0_,
        posts0_.title as title6_0_ 
    from
        posts posts0_
?[2m2022-11-13 18:12:38.783?[0;39m ?[32mTRACE?[0;39m ?[35m6832?[0;39m ?[2m---?[0;39m ?[2m[    Test worker]?[0;39m ?[36mo.h.type.descriptor.sql.BasicExtractor  ?[0;39m ?[2m:?[0;39m extracted value ([id1_0_] : [BIGINT]) - [10]
?[2m2022-11-13 18:12:38.783?[0;39m ?[32mTRACE?[0;39m ?[35m6832?[0;39m ?[2m---?[0;39m ?[2m[    Test worker]?[0;39m ?[36mo.h.type.descriptor.sql.BasicExtractor  ?[0;39m ?[2m:?[0;39m extracted value ([created_2_0_] : [TIMESTAMP]) - [2022-11-13T18:12:39]
?[2m2022-11-13 18:12:38.783?[0;39m ?[32mTRACE?[0;39m ?[35m6832?[0;39m ?[2m---?[0;39m ?[2m[    Test worker]?[0;39m ?[36mo.h.type.descriptor.sql.BasicExtractor  ?[0;39m ?[2m:?[0;39m extracted value ([modified3_0_] : [TIMESTAMP]) - [2022-11-13T18:12:39]
?[2m2022-11-13 18:12:38.783?[0;39m ?[32mTRACE?[0;39m ?[35m6832?[0;39m ?[2m---?[0;39m ?[2m[    Test worker]?[0;39m ?[36mo.h.type.descriptor.sql.BasicExtractor  ?[0;39m ?[2m:?[0;39m extracted value ([author4_0_] : [VARCHAR]) - [author]
?[2m2022-11-13 18:12:38.784?[0;39m ?[32mTRACE?[0;39m ?[35m6832?[0;39m ?[2m---?[0;39m ?[2m[    Test worker]?[0;39m ?[36mo.h.type.descriptor.sql.BasicExtractor  ?[0;39m ?[2m:?[0;39m extracted value ([content5_0_] : [VARCHAR]) - [content2]
?[2m2022-11-13 18:12:38.784?[0;39m ?[32mTRACE?[0;39m ?[35m6832?[0;39m ?[2m---?[0;39m ?[2m[    Test worker]?[0;39m ?[36mo.h.type.descriptor.sql.BasicExtractor  ?[0;39m ?[2m:?[0;39m extracted value ([title6_0_] : [VARCHAR]) - [title2]
Hibernate: 
    delete 
    from
        posts 
    where
        id=?
?[2m2022-11-13 18:12:38.786?[0;39m ?[32mTRACE?[0;39m ?[35m6832?[0;39m ?[2m---?[0;39m ?[2m[    Test worker]?[0;39m ?[36mo.h.type.descriptor.sql.BasicBinder     ?[0;39m ?[2m:?[0;39m binding parameter [1] as [BIGINT] - [10]
]]></system-out>
  <system-err><![CDATA[]]></system-err>
</testsuite>
