<?xml version="1.0" encoding="UTF-8"?>
<testsuite name="com.ec2.springboot.web.dto.HelloResponseDtoTest" tests="1" skipped="0" failures="0" errors="0" timestamp="2022-11-13T09:12:26" hostname="DESKTOP-CIJC9VE" time="0.007">
  <properties/>
  <testcase name="롬복_기능_테스트" classname="com.ec2.springboot.web.dto.HelloResponseDtoTest" time="0.007"/>
  <system-out><![CDATA[]]></system-out>
  <system-err><![CDATA[]]></system-err>
</testsuite>
