<?xml version="1.0" encoding="UTF-8"?>
<testsuite name="com.ec2.springboot.web.HelloControllerTest" tests="2" skipped="0" failures="0" errors="0" timestamp="2022-11-13T09:12:30" hostname="DESKTOP-CIJC9VE" time="0.424">
  <properties/>
  <testcase name="hello가_리턴된다" classname="com.ec2.springboot.web.HelloControllerTest" time="0.252"/>
  <testcase name="helloDto가_리턴된다" classname="com.ec2.springboot.web.HelloControllerTest" time="0.171"/>
  <system-out><![CDATA[?[2m2022-11-13 18:12:26.740?[0;39m ?[32m INFO?[0;39m ?[35m6832?[0;39m ?[2m---?[0;39m ?[2m[    Test worker]?[0;39m ?[36m.b.t.a.w.s.WebMvcTestContextBootstrapper?[0;39m ?[2m:?[0;39m Neither @ContextConfiguration nor @ContextHierarchy found for test class [com.ec2.springboot.web.HelloControllerTest], using SpringBootContextLoader
?[2m2022-11-13 18:12:26.743?[0;39m ?[32m INFO?[0;39m ?[35m6832?[0;39m ?[2m---?[0;39m ?[2m[    Test worker]?[0;39m ?[36mo.s.t.c.support.AbstractContextLoader   ?[0;39m ?[2m:?[0;39m Could not detect default resource locations for test class [com.ec2.springboot.web.HelloControllerTest]: no resource found for suffixes {-context.xml, Context.groovy}.
?[2m2022-11-13 18:12:26.743?[0;39m ?[32m INFO?[0;39m ?[35m6832?[0;39m ?[2m---?[0;39m ?[2m[    Test worker]?[0;39m ?[36mt.c.s.AnnotationConfigContextLoaderUtils?[0;39m ?[2m:?[0;39m Could not detect default configuration classes for test class [com.ec2.springboot.web.HelloControllerTest]: HelloControllerTest does not declare any static, non-private, non-final, nested classes annotated with @Configuration.
?[2m2022-11-13 18:12:27.250?[0;39m ?[32m INFO?[0;39m ?[35m6832?[0;39m ?[2m---?[0;39m ?[2m[    Test worker]?[0;39m ?[36m.b.t.c.SpringBootTestContextBootstrapper?[0;39m ?[2m:?[0;39m Found @SpringBootConfiguration com.ec2.springboot.Application for test class com.ec2.springboot.web.HelloControllerTest
?[2m2022-11-13 18:12:27.251?[0;39m ?[32m INFO?[0;39m ?[35m6832?[0;39m ?[2m---?[0;39m ?[2m[    Test worker]?[0;39m ?[36m.b.t.a.w.s.WebMvcTestContextBootstrapper?[0;39m ?[2m:?[0;39m Loaded default TestExecutionListener class names from location [META-INF/spring.factories]: [org.springframework.security.test.context.support.WithSecurityContextTestExecutionListener, org.springframework.security.test.context.support.ReactorContextTestExecutionListener, org.springframework.boot.test.autoconfigure.restdocs.RestDocsTestExecutionListener, org.springframework.boot.test.autoconfigure.web.client.MockRestServiceServerResetTestExecutionListener, org.springframework.boot.test.autoconfigure.web.servlet.MockMvcPrintOnlyOnFailureTestExecutionListener, org.springframework.boot.test.autoconfigure.web.servlet.WebDriverTestExecutionListener, org.springframework.boot.test.mock.mockito.MockitoTestExecutionListener, org.springframework.boot.test.mock.mockito.ResetMocksTestExecutionListener, org.springframework.test.context.web.ServletTestExecutionListener, org.springframework.test.context.support.DirtiesContextBeforeModesTestExecutionListener, org.springframework.test.context.support.DependencyInjectionTestExecutionListener, org.springframework.test.context.support.DirtiesContextTestExecutionListener, org.springframework.test.context.transaction.TransactionalTestExecutionListener, org.springframework.test.context.jdbc.SqlScriptsTestExecutionListener]
?[2m2022-11-13 18:12:27.254?[0;39m ?[32m INFO?[0;39m ?[35m6832?[0;39m ?[2m---?[0;39m ?[2m[    Test worker]?[0;39m ?[36m.b.t.a.w.s.WebMvcTestContextBootstrapper?[0;39m ?[2m:?[0;39m Using TestExecutionListeners: [org.springframework.test.context.web.ServletTestExecutionListener@18ad9656, org.springframework.test.context.support.DirtiesContextBeforeModesTestExecutionListener@c70f8c2, org.springframework.boot.test.mock.mockito.MockitoTestExecutionListener@1e3e4fd7, org.springframework.boot.test.autoconfigure.SpringBootDependencyInjectionTestExecutionListener@7613ad31, org.springframework.test.context.support.DirtiesContextTestExecutionListener@2f88a83, org.springframework.test.context.transaction.TransactionalTestExecutionListener@945d4f6, org.springframework.test.context.jdbc.SqlScriptsTestExecutionListener@656962fe, org.springframework.security.test.context.support.WithSecurityContextTestExecutionListener@e783147, org.springframework.security.test.context.support.ReactorContextTestExecutionListener@48120e99, org.springframework.boot.test.autoconfigure.restdocs.RestDocsTestExecutionListener@6fd79109, org.springframework.boot.test.autoconfigure.web.client.MockRestServiceServerResetTestExecutionListener@4187609f, org.springframework.boot.test.autoconfigure.web.servlet.MockMvcPrintOnlyOnFailureTestExecutionListener@eba83e1, org.springframework.boot.test.autoconfigure.web.servlet.WebDriverTestExecutionListener@56842269, org.springframework.boot.test.mock.mockito.ResetMocksTestExecutionListener@588ae69]

  .   ____          _            __ _ _
 /\\ / ___'_ __ _ _(_)_ __  __ _ \ \ \ \
( ( )\___ | '_ | '_| | '_ \/ _` | \ \ \ \
 \\/  ___)| |_)| | | | | || (_| |  ) ) ) )
  '  |____| .__|_| |_|_| |_\__, | / / / /
 =========|_|==============|___/=/_/_/_/
?[32m :: Spring Boot :: ?[39m      ?[2m (v2.1.9.RELEASE)?[0;39m

?[2m2022-11-13 18:12:27.401?[0;39m ?[32m INFO?[0;39m ?[35m6832?[0;39m ?[2m---?[0;39m ?[2m[    Test worker]?[0;39m ?[36mc.e.springboot.web.HelloControllerTest  ?[0;39m ?[2m:?[0;39m Starting HelloControllerTest on DESKTOP-CIJC9VE with PID 6832 (started by KB캐피탈 in C:\github\leo_ec2_test)
?[2m2022-11-13 18:12:27.402?[0;39m ?[32m INFO?[0;39m ?[35m6832?[0;39m ?[2m---?[0;39m ?[2m[    Test worker]?[0;39m ?[36mc.e.springboot.web.HelloControllerTest  ?[0;39m ?[2m:?[0;39m The following profiles are active: oauth
?[2m2022-11-13 18:12:28.546?[0;39m ?[32m INFO?[0;39m ?[35m6832?[0;39m ?[2m---?[0;39m ?[2m[    Test worker]?[0;39m ?[36mo.s.s.concurrent.ThreadPoolTaskExecutor ?[0;39m ?[2m:?[0;39m Initializing ExecutorService 'applicationTaskExecutor'
?[2m2022-11-13 18:12:28.617?[0;39m ?[32m INFO?[0;39m ?[35m6832?[0;39m ?[2m---?[0;39m ?[2m[    Test worker]?[0;39m ?[36mo.s.b.a.w.s.WelcomePageHandlerMapping   ?[0;39m ?[2m:?[0;39m Adding welcome page template: index
?[2m2022-11-13 18:12:29.250?[0;39m ?[32m INFO?[0;39m ?[35m6832?[0;39m ?[2m---?[0;39m ?[2m[    Test worker]?[0;39m ?[36m.s.s.UserDetailsServiceAutoConfiguration?[0;39m ?[2m:?[0;39m 

Using generated security password: 57d4affb-78a6-471e-853a-ef6bf9bf58db

?[2m2022-11-13 18:12:29.778?[0;39m ?[32m INFO?[0;39m ?[35m6832?[0;39m ?[2m---?[0;39m ?[2m[    Test worker]?[0;39m ?[36mo.s.s.web.DefaultSecurityFilterChain    ?[0;39m ?[2m:?[0;39m Creating filter chain: any request, [org.springframework.security.web.context.request.async.WebAsyncManagerIntegrationFilter@4ed818fb, org.springframework.security.web.context.SecurityContextPersistenceFilter@41959f75, org.springframework.security.web.header.HeaderWriterFilter@2bd40f1e, org.springframework.security.web.csrf.CsrfFilter@244d3656, org.springframework.security.web.authentication.logout.LogoutFilter@7293548e, org.springframework.security.web.authentication.UsernamePasswordAuthenticationFilter@5bd78943, org.springframework.security.web.authentication.ui.DefaultLoginPageGeneratingFilter@2ee96b4a, org.springframework.security.web.authentication.ui.DefaultLogoutPageGeneratingFilter@56088950, org.springframework.security.web.authentication.www.BasicAuthenticationFilter@3133c63b, org.springframework.security.web.savedrequest.RequestCacheAwareFilter@70e001a8, org.springframework.security.web.servletapi.SecurityContextHolderAwareRequestFilter@7b474c55, org.springframework.security.web.authentication.AnonymousAuthenticationFilter@79a58fb4, org.springframework.security.web.session.SessionManagementFilter@66e663b4, org.springframework.security.web.access.ExceptionTranslationFilter@3c11babd, org.springframework.security.web.access.intercept.FilterSecurityInterceptor@623e6f13]
?[2m2022-11-13 18:12:30.209?[0;39m ?[32m INFO?[0;39m ?[35m6832?[0;39m ?[2m---?[0;39m ?[2m[    Test worker]?[0;39m ?[36mo.s.b.t.m.w.SpringBootMockServletContext?[0;39m ?[2m:?[0;39m Initializing Spring TestDispatcherServlet ''
?[2m2022-11-13 18:12:30.209?[0;39m ?[32m INFO?[0;39m ?[35m6832?[0;39m ?[2m---?[0;39m ?[2m[    Test worker]?[0;39m ?[36mo.s.t.web.servlet.TestDispatcherServlet ?[0;39m ?[2m:?[0;39m Initializing Servlet ''
?[2m2022-11-13 18:12:30.314?[0;39m ?[32m INFO?[0;39m ?[35m6832?[0;39m ?[2m---?[0;39m ?[2m[    Test worker]?[0;39m ?[36mo.s.t.web.servlet.TestDispatcherServlet ?[0;39m ?[2m:?[0;39m Completed initialization in 105 ms
?[2m2022-11-13 18:12:30.430?[0;39m ?[32m INFO?[0;39m ?[35m6832?[0;39m ?[2m---?[0;39m ?[2m[    Test worker]?[0;39m ?[36mc.e.springboot.web.HelloControllerTest  ?[0;39m ?[2m:?[0;39m Started HelloControllerTest in 3.165 seconds (JVM running for 23.832)
]]></system-out>
  <system-err><![CDATA[]]></system-err>
</testsuite>
